--------------------------------------------------------------------------------
Process Log Fri Apr 26 22:39:06 2019
--------------------------------------------------------------------------------
{'username': 'root', 'pid': 92, 'name': 'loginwindow', 'vms': 4801L} 
{'username': 'pratikbali', 'pid': 247, 'name': 'cfprefsd', 'vms': 4204L} 
{'username': 'pratikbali', 'pid': 248, 'name': 'UserEventAgent', 'vms': 4232L} 
{'username': 'pratikbali', 'pid': 250, 'name': 'distnoted', 'vms': 4204L} 
{'username': 'pratikbali', 'pid': 251, 'name': 'universalaccessd', 'vms': 4241L} 
{'username': 'pratikbali', 'pid': 252, 'name': 'CommCenter', 'vms': 4217L} 
{'username': 'pratikbali', 'pid': 253, 'name': 'talagent', 'vms': 4242L} 
{'username': 'pratikbali', 'pid': 254, 'name': 'Dock', 'vms': 4836L} 
{'username': 'pratikbali', 'pid': 255, 'name': 'lsd', 'vms': 4235L} 
{'username': 'pratikbali', 'pid': 256, 'name': 'trustd', 'vms': 4250L} 
{'username': 'pratikbali', 'pid': 257, 'name': 'SystemUIServer', 'vms': 4811L} 
{'username': 'pratikbali', 'pid': 258, 'name': 'Finder', 'vms': 4912L} 
{'username': 'pratikbali', 'pid': 259, 'name': 'secd', 'vms': 4238L} 
{'username': 'pratikbali', 'pid': 260, 'name': 'cloudd', 'vms': 4239L} 
{'username': 'pratikbali', 'pid': 261, 'name': 'bird', 'vms': 4237L} 
{'username': 'pratikbali', 'pid': 262, 'name': 'tccd', 'vms': 4237L} 
{'username': 'pratikbali', 'pid': 263, 'name': 'nsurlsessiond', 'vms': 4235L} 
{'username': 'pratikbali', 'pid': 264, 'name': 'accountsd', 'vms': 4236L} 
{'username': 'pratikbali', 'pid': 267, 'name': 'pboard', 'vms': 4204L} 
{'username': 'pratikbali', 'pid': 270, 'name': 'callservicesd', 'vms': 4248L} 
{'username': 'pratikbali', 'pid': 271, 'name': 'CloudKeychainProxy', 'vms': 4205L} 
{'username': 'pratikbali', 'pid': 273, 'name': 'identityservicesd', 'vms': 4242L} 
{'username': 'pratikbali', 'pid': 274, 'name': 'ViewBridgeAuxiliary', 'vms': 4230L} 
{'username': 'pratikbali', 'pid': 277, 'name': 'sharedfilelistd', 'vms': 4231L} 
{'username': 'pratikbali', 'pid': 278, 'name': 'pkd', 'vms': 4236L} 
{'username': 'pratikbali', 'pid': 282, 'name': 'fontd', 'vms': 4232L} 
{'username': 'pratikbali', 'pid': 284, 'name': 'imagent', 'vms': 4232L} 
{'username': 'pratikbali', 'pid': 285, 'name': 'backgroundtaskmanagementagent', 'vms': 4230L} 
{'username': 'pratikbali', 'pid': 286, 'name': 'ContactsAccountsService', 'vms': 4203L} 
{'username': 'pratikbali', 'pid': 287, 'name': 'IMDPersistenceAgent', 'vms': 4204L} 
{'username': 'pratikbali', 'pid': 288, 'name': 'secinitd', 'vms': 4232L} 
{'username': 'pratikbali', 'pid': 291, 'name': 'rapportd', 'vms': 4205L} 
{'username': 'pratikbali', 'pid': 292, 'name': 'akd', 'vms': 4236L} 
{'username': 'pratikbali', 'pid': 293, 'name': 'routined', 'vms': 4236L} 
{'username': 'pratikbali', 'pid': 294, 'name': 'usernoted', 'vms': 4234L} 
{'username': 'pratikbali', 'pid': 295, 'name': 'Spotlight', 'vms': 4874L} 
{'username': 'pratikbali', 'pid': 296, 'name': 'NotificationCenter', 'vms': 4822L} 
{'username': 'pratikbali', 'pid': 298, 'name': 'ctkahp', 'vms': 4205L} 
{'username': 'pratikbali', 'pid': 299, 'name': 'ctkd', 'vms': 4205L} 
{'username': 'pratikbali', 'pid': 300, 'name': 'useractivityd', 'vms': 4231L} 
{'username': 'pratikbali', 'pid': 301, 'name': 'com.apple.dock.extra', 'vms': 4750L} 
{'username': 'pratikbali', 'pid': 302, 'name': 'sharingd', 'vms': 4247L} 
{'username': 'pratikbali', 'pid': 305, 'name': 'soagent', 'vms': 4249L} 
{'username': 'pratikbali', 'pid': 307, 'name': 'parsecd', 'vms': 4235L} 
{'username': 'pratikbali', 'pid': 308, 'name': 'commerce', 'vms': 4234L} 
{'username': 'pratikbali', 'pid': 309, 'name': 'com.apple.geod', 'vms': 4239L} 
{'username': 'pratikbali', 'pid': 310, 'name': 'WiFiProxy', 'vms': 4230L} 
{'username': 'pratikbali', 'pid': 311, 'name': 'iconservicesagent', 'vms': 4247L} 
{'username': 'pratikbali', 'pid': 312, 'name': 'imklaunchagent', 'vms': 4233L} 
{'username': 'pratikbali', 'pid': 313, 'name': 'fmfd', 'vms': 4236L} 
{'username': 'pratikbali', 'pid': 315, 'name': 'CalendarAgent', 'vms': 4269L} 
{'username': 'pratikbali', 'pid': 316, 'name': 'CallHistoryPluginHelper', 'vms': 4230L} 
{'username': 'pratikbali', 'pid': 317, 'name': 'storeaccountd', 'vms': 4205L} 
{'username': 'pratikbali', 'pid': 318, 'name': 'PAH_Extension', 'vms': 4748L} 
{'username': 'pratikbali', 'pid': 319, 'name': 'DictationIM', 'vms': 4283L} 
{'username': 'pratikbali', 'pid': 321, 'name': 'coreauthd', 'vms': 4229L} 
{'username': 'pratikbali', 'pid': 323, 'name': 'fileproviderd', 'vms': 4204L} 
{'username': 'pratikbali', 'pid': 324, 'name': 'CalNCService', 'vms': 4240L} 
{'username': 'pratikbali', 'pid': 326, 'name': 'networkserviceproxy', 'vms': 4231L} 
{'username': 'pratikbali', 'pid': 328, 'name': 'WiFiAgent', 'vms': 4243L} 
{'username': 'pratikbali', 'pid': 329, 'name': 'CoreLocationAgent', 'vms': 4250L} 
{'username': 'pratikbali', 'pid': 330, 'name': 'Android File Transfer Agent', 'vms': 4734L} 
{'username': 'pratikbali', 'pid': 332, 'name': 'familycircled', 'vms': 4231L} 
{'username': 'pratikbali', 'pid': 333, 'name': 'APFSUserAgent', 'vms': 4230L} 
{'username': 'pratikbali', 'pid': 335, 'name': 'swcd', 'vms': 4231L} 
{'username': 'pratikbali', 'pid': 336, 'name': 'assistantd', 'vms': 4253L} 
{'username': 'pratikbali', 'pid': 339, 'name': 'corespeechd', 'vms': 4203L} 
{'username': 'pratikbali', 'pid': 341, 'name': 'SocialPushAgent', 'vms': 4229L} 
{'username': 'pratikbali', 'pid': 344, 'name': 'dmd', 'vms': 4231L} 
{'username': 'pratikbali', 'pid': 345, 'name': 'Siri', 'vms': 4246L} 
{'username': 'pratikbali', 'pid': 346, 'name': 'icdd', 'vms': 4232L} 
{'username': 'pratikbali', 'pid': 347, 'name': 'FrontendAgent', 'vms': 4297L} 
{'username': 'pratikbali', 'pid': 350, 'name': 'NotificationAgent', 'vms': 4253L} 
{'username': 'pratikbali', 'pid': 351, 'name': 'AirPlayUIAgent', 'vms': 4746L} 
{'username': 'pratikbali', 'pid': 352, 'name': 'knowledge-agent', 'vms': 4235L} 
{'username': 'pratikbali', 'pid': 353, 'name': 'cloudpaird', 'vms': 4231L} 
{'username': 'pratikbali', 'pid': 354, 'name': 'nbagent', 'vms': 4246L} 
{'username': 'pratikbali', 'pid': 355, 'name': 'diagnostics_agent', 'vms': 4231L} 
{'username': 'pratikbali', 'pid': 357, 'name': 'adprivacyd', 'vms': 4233L} 
{'username': 'pratikbali', 'pid': 363, 'name': 'nsurlstoraged', 'vms': 4232L} 
{'username': 'pratikbali', 'pid': 365, 'name': 'ContainerMetadataExtractor', 'vms': 4235L} 
{'username': 'pratikbali', 'pid': 366, 'name': 'SafeEjectGPUAgent', 'vms': 4708L} 
{'username': 'pratikbali', 'pid': 367, 'name': 'SafeEjectGPUService', 'vms': 4231L} 
{'username': 'pratikbali', 'pid': 374, 'name': 'videosubscriptionsd', 'vms': 4230L} 
{'username': 'pratikbali', 'pid': 378, 'name': 'FSMenuApp', 'vms': 4797L} 
{'username': 'pratikbali', 'pid': 381, 'name': 'pbs', 'vms': 4235L} 
{'username': 'pratikbali', 'pid': 384, 'name': 'followupd', 'vms': 4203L} 
{'username': 'pratikbali', 'pid': 394, 'name': 'ProtectedCloudKeySyncing', 'vms': 4230L} 
{'username': 'pratikbali', 'pid': 398, 'name': 'deleted', 'vms': 4232L} 
{'username': 'pratikbali', 'pid': 420, 'name': 'media-indexer', 'vms': 4283L} 
{'username': 'pratikbali', 'pid': 421, 'name': 'com.apple.iTunesLibraryService', 'vms': 4232L} 
{'username': 'pratikbali', 'pid': 422, 'name': 'AudioComponentRegistrar', 'vms': 4231L} 
{'username': 'pratikbali', 'pid': 423, 'name': 'IMRemoteURLConnectionAgent', 'vms': 4231L} 
{'username': 'pratikbali', 'pid': 424, 'name': 'IMRemoteURLConnectionAgent', 'vms': 4231L} 
{'username': 'pratikbali', 'pid': 426, 'name': 'IMRemoteURLConnectionAgent', 'vms': 4203L} 
{'username': 'pratikbali', 'pid': 428, 'name': 'IMRemoteURLConnectionAgent', 'vms': 4231L} 
{'username': 'pratikbali', 'pid': 429, 'name': 'com.apple.audio.SandboxHelper', 'vms': 4204L} 
{'username': 'pratikbali', 'pid': 438, 'name': 'CoreServicesUIAgent', 'vms': 4251L} 
{'username': 'pratikbali', 'pid': 439, 'name': 'softwareupdate_notify_agent', 'vms': 4204L} 
{'username': 'pratikbali', 'pid': 442, 'name': 'storelegacy', 'vms': 4231L} 
{'username': 'pratikbali', 'pid': 443, 'name': 'storeassetd', 'vms': 4267L} 
{'username': 'pratikbali', 'pid': 444, 'name': 'LaterAgent', 'vms': 4246L} 
{'username': 'pratikbali', 'pid': 450, 'name': 'AssetCacheLocatorService', 'vms': 4234L} 
{'username': 'pratikbali', 'pid': 459, 'name': 'SiriNCService', 'vms': 4746L} 
{'username': 'pratikbali', 'pid': 461, 'name': 'SafariBookmarksSyncAgent', 'vms': 4234L} 
{'username': 'pratikbali', 'pid': 462, 'name': 'assistant_service', 'vms': 4238L} 
{'username': 'pratikbali', 'pid': 495, 'name': 'cloudphotosd', 'vms': 4282L} 
{'username': 'pratikbali', 'pid': 496, 'name': 'com.apple.CloudPhotosConfiguration', 'vms': 4230L} 
{'username': 'pratikbali', 'pid': 506, 'name': 'corespotlightd', 'vms': 4374L} 
{'username': 'pratikbali', 'pid': 507, 'name': 'suggestd', 'vms': 4374L} 
{'username': 'pratikbali', 'pid': 508, 'name': 'photolibraryd', 'vms': 4266L} 
{'username': 'pratikbali', 'pid': 509, 'name': 'ScopedBookmarkAgent', 'vms': 4205L} 
{'username': 'pratikbali', 'pid': 510, 'name': 'com.apple.photomoments', 'vms': 4256L} 
{'username': 'pratikbali', 'pid': 511, 'name': 'photoanalysisd', 'vms': 4258L} 
{'username': 'pratikbali', 'pid': 512, 'name': 'com.apple.PhotoIngestService', 'vms': 4230L} 
{'username': 'pratikbali', 'pid': 517, 'name': 'com.apple.quicklook.ThumbnailsAgent', 'vms': 4229L} 
{'username': 'pratikbali', 'pid': 520, 'name': 'storedownloadd', 'vms': 4233L} 
{'username': 'pratikbali', 'pid': 526, 'name': 'com.apple.MediaLibraryService', 'vms': 4261L} 
{'username': 'pratikbali', 'pid': 529, 'name': 'mdwrite', 'vms': 4231L} 
{'username': 'pratikbali', 'pid': 531, 'name': 'atsd', 'vms': 4237L} 
{'username': 'pratikbali', 'pid': 532, 'name': 'OSDUIHelper', 'vms': 4777L} 
{'username': 'pratikbali', 'pid': 538, 'name': 'com.apple.SafariServices', 'vms': 4230L} 
{'username': 'pratikbali', 'pid': 542, 'name': 'Electron', 'vms': 5675L} 
{'username': 'pratikbali', 'pid': 544, 'name': 'Code Helper', 'vms': 5343L} 
{'username': 'pratikbali', 'pid': 551, 'name': 'crashpad_handler', 'vms': 4206L} 
{'username': 'pratikbali', 'pid': 570, 'name': 'Code Helper', 'vms': 5169L} 
{'username': 'pratikbali', 'pid': 583, 'name': 'com.apple.DictionaryServiceHelper', 'vms': 4230L} 
{'username': 'pratikbali', 'pid': 584, 'name': 'GitHub Desktop', 'vms': 5647L} 
{'username': 'pratikbali', 'pid': 589, 'name': 'GitHub Desktop Helper', 'vms': 4512L} 
{'username': 'pratikbali', 'pid': 590, 'name': 'GitHub Desktop Helper', 'vms': 5126L} 
{'username': 'pratikbali', 'pid': 684, 'name': 'Code Helper', 'vms': 6108L} 
{'username': 'pratikbali', 'pid': 685, 'name': 'bash', 'vms': 4179L} 
{'username': 'pratikbali', 'pid': 688, 'name': 'Code Helper', 'vms': 5131L} 
{'username': 'pratikbali', 'pid': 689, 'name': 'Code Helper', 'vms': 4974L} 
{'username': 'pratikbali', 'pid': 741, 'name': 'Python', 'vms': 4176L} 
{'username': 'pratikbali', 'pid': 807, 'name': 'Python', 'vms': 4162L} 
{'username': 'pratikbali', 'pid': 825, 'name': 'Code Helper', 'vms': 4983L} 
{'username': 'pratikbali', 'pid': 919, 'name': 'Mail', 'vms': 5217L} 
{'username': 'pratikbali', 'pid': 922, 'name': 'Safari', 'vms': 5949L} 
{'username': 'pratikbali', 'pid': 923, 'name': 'com.apple.Safari.History', 'vms': 4231L} 
{'username': 'pratikbali', 'pid': 925, 'name': 'com.apple.hiservices-xpcservice', 'vms': 4204L} 
{'username': 'pratikbali', 'pid': 927, 'name': 'com.apple.WebKit.Networking', 'vms': 4266L} 
{'username': 'pratikbali', 'pid': 928, 'name': 'com.apple.Safari.SandboxBroker', 'vms': 4747L} 
{'username': 'pratikbali', 'pid': 931, 'name': 'com.apple.CoreSimulator.CoreSimulatorService', 'vms': 4747L} 
{'username': 'pratikbali', 'pid': 932, 'name': 'webinspectord', 'vms': 4204L} 
{'username': 'pratikbali', 'pid': 934, 'name': 'recentsd', 'vms': 4230L} 
{'username': 'pratikbali', 'pid': 936, 'name': 'com.apple.WebKit.Networking', 'vms': 4256L} 
{'username': 'pratikbali', 'pid': 939, 'name': 'reversetemplated', 'vms': 4270L} 
{'username': 'pratikbali', 'pid': 943, 'name': 'com.apple.audio.SandboxHelper', 'vms': 4204L} 
{'username': 'pratikbali', 'pid': 978, 'name': 'TextEdit', 'vms': 4833L} 
{'username': 'pratikbali', 'pid': 979, 'name': 'XprotectService', 'vms': 4231L} 
{'username': 'pratikbali', 'pid': 980, 'name': 'AppleSpell', 'vms': 4437L} 
{'username': 'pratikbali', 'pid': 981, 'name': 'keyboardservicesd', 'vms': 4234L} 
{'username': 'pratikbali', 'pid': 1020, 'name': 'com.apple.appkit.xpc.openAndSavePanelService', 'vms': 4820L} 
{'username': 'pratikbali', 'pid': 1039, 'name': 'QuickLookUIService', 'vms': 4767L} 
{'username': 'pratikbali', 'pid': 1041, 'name': 'Preview', 'vms': 4932L} 
{'username': 'pratikbali', 'pid': 1236, 'name': 'appstoreagent', 'vms': 4233L} 
{'username': 'pratikbali', 'pid': 1321, 'name': 'com.apple.siri-distributed-evaluation', 'vms': 4230L} 
{'username': 'pratikbali', 'pid': 1814, 'name': 'com.apple.WebKit.WebContent', 'vms': 104591L} 
{'username': 'pratikbali', 'pid': 1815, 'name': 'com.apple.Safari.SafeBrowsing.Service', 'vms': 4242L} 
{'username': 'pratikbali', 'pid': 1816, 'name': 'com.apple.WebKit.Storage', 'vms': 4239L} 
{'username': 'pratikbali', 'pid': 1818, 'name': 'Bandwidth+', 'vms': 4764L} 
{'username': 'pratikbali', 'pid': 1819, 'name': 'com.apple.speech.speechsynthesisd', 'vms': 4241L} 
{'username': 'pratikbali', 'pid': 1840, 'name': 'mdworker_shared', 'vms': 4217L} 
{'username': 'pratikbali', 'pid': 1852, 'name': 'mdworker_shared', 'vms': 4223L} 
{'username': 'pratikbali', 'pid': 1854, 'name': 'mdworker_shared', 'vms': 4217L} 
{'username': 'pratikbali', 'pid': 2066, 'name': 'mdworker_shared', 'vms': 4216L} 
{'username': 'pratikbali', 'pid': 2207, 'name': 'mdworker_shared', 'vms': 4242L} 
{'username': 'pratikbali', 'pid': 2208, 'name': 'mdworker_shared', 'vms': 4242L} 
{'username': 'pratikbali', 'pid': 2209, 'name': 'mdworker_shared', 'vms': 4242L} 
{'username': 'pratikbali', 'pid': 2210, 'name': 'mdworker_shared', 'vms': 4242L} 
{'username': 'pratikbali', 'pid': 2361, 'name': 'com.apple.WebKit.WebContent', 'vms': 87475L} 
{'username': 'pratikbali', 'pid': 2362, 'name': 'com.apple.WebKit.WebContent', 'vms': 103785L} 
{'username': 'pratikbali', 'pid': 2363, 'name': 'mdworker_shared', 'vms': 4242L} 
{'username': 'pratikbali', 'pid': 2364, 'name': 'mdworker_shared', 'vms': 4242L} 
{'username': 'pratikbali', 'pid': 2523, 'name': 'com.apple.iCloudHelper', 'vms': 4230L} 
{'username': 'pratikbali', 'pid': 2568, 'name': 'Code Helper', 'vms': 4935L} 
{'username': 'pratikbali', 'pid': 2571, 'name': 'mdworker_shared', 'vms': 4216L} 
{'username': 'pratikbali', 'pid': 2608, 'name': 'Python', 'vms': 4200L} 
{'username': 'pratikbali', 'pid': 2609, 'name': 'Python', 'vms': 4201L} 
