--------------------------------------------------------------------------------
Process Log Fri Apr 26 22:21:59 2019
--------------------------------------------------------------------------------
{'username': 'root', 'pid': 0, 'name': 'kernel_task'} 
{'username': 'root', 'pid': 1, 'name': 'launchd'} 
{'username': 'root', 'pid': 38, 'name': 'syslogd'} 
{'username': 'root', 'pid': 39, 'name': 'UserEventAgent'} 
{'username': 'root', 'pid': 41, 'name': 'RTProtectionDaem'} 
{'username': 'root', 'pid': 43, 'name': 'uninstalld'} 
{'username': 'root', 'pid': 44, 'name': 'kextd'} 
{'username': 'root', 'pid': 45, 'name': 'fseventsd'} 
{'username': 'root', 'pid': 47, 'name': 'mediaremoted'} 
{'username': '_appleevents', 'pid': 50, 'name': 'appleeventsd'} 
{'username': 'root', 'pid': 51, 'name': 'systemstats'} 
{'username': 'root', 'pid': 53, 'name': 'configd'} 
{'username': 'root', 'pid': 54, 'name': 'powerd'} 
{'username': 'root', 'pid': 57, 'name': 'logd'} 
{'username': 'root', 'pid': 58, 'name': 'keybagd'} 
{'username': 'root', 'pid': 64, 'name': 'mds'} 
{'username': '_iconservices', 'pid': 65, 'name': 'iconservicesd'} 
{'username': 'root', 'pid': 66, 'name': 'diskarbitrationd'} 
{'username': 'root', 'pid': 69, 'name': 'backupd-helper'} 
{'username': 'root', 'pid': 70, 'name': 'coreduetd'} 
{'username': 'root', 'pid': 74, 'name': 'opendirectoryd'} 
{'username': 'root', 'pid': 75, 'name': 'apsd'} 
{'username': 'root', 'pid': 76, 'name': 'nbstated'} 
{'username': 'root', 'pid': 77, 'name': 'launchservicesd'} 
{'username': '_timed', 'pid': 78, 'name': 'timed'} 
{'username': 'root', 'pid': 79, 'name': 'securityd'} 
{'username': '_usbmuxd', 'pid': 80, 'name': 'usbmuxd'} 
{'username': '_locationd', 'pid': 82, 'name': 'locationd'} 
{'username': 'root', 'pid': 84, 'name': 'autofsd'} 
{'username': '_displaypolicyd', 'pid': 85, 'name': 'displaypolicyd'} 
{'username': 'root', 'pid': 86, 'name': 'dasd'} 
{'username': 'root', 'pid': 87, 'name': 'kdc'} 
{'username': 'root', 'pid': 89, 'name': 'PerfPowerService'} 
{'username': '_mysql', 'pid': 91, 'name': 'mysqld'} 
{'username': 'root', 'pid': 92, 'name': 'loginwindow'} 
{'username': 'root', 'pid': 93, 'name': 'logind'} 
{'username': 'root', 'pid': 94, 'name': 'revisiond'} 
{'username': 'root', 'pid': 95, 'name': 'KernelEventAgent'} 
{'username': 'root', 'pid': 97, 'name': 'bluetoothd'} 
{'username': '_hidd', 'pid': 98, 'name': 'hidd'} 
{'username': 'root', 'pid': 99, 'name': 'sandboxd'} 
{'username': 'root', 'pid': 100, 'name': 'corebrightnessd'} 
{'username': 'root', 'pid': 101, 'name': 'AirPlayXPCHelper'} 
{'username': 'root', 'pid': 102, 'name': 'amfid'} 
{'username': 'root', 'pid': 103, 'name': 'notifyd'} 
{'username': '_distnote', 'pid': 104, 'name': 'distnoted'} 
{'username': 'root', 'pid': 105, 'name': 'cfprefsd'} 
{'username': 'root', 'pid': 108, 'name': 'authd'} 
{'username': 'root', 'pid': 109, 'name': 'coreservicesd'} 
{'username': 'root', 'pid': 114, 'name': 'aslmanager'} 
{'username': 'root', 'pid': 119, 'name': 'contextstored'} 
{'username': 'root', 'pid': 123, 'name': 'com.apple.ctkpcs'} 
{'username': 'root', 'pid': 124, 'name': 'trustd'} 
{'username': '_ctkd', 'pid': 127, 'name': 'ctkd'} 
{'username': 'root', 'pid': 128, 'name': 'airportd'} 
{'username': 'root', 'pid': 129, 'name': 'nehelper'} 
{'username': '_coreaudiod', 'pid': 130, 'name': 'coreaudiod'} 
{'username': 'root', 'pid': 133, 'name': 'WindowServer'} 
{'username': '_coreaudiod', 'pid': 136, 'name': 'com.apple.audio.'} 
{'username': '_networkd', 'pid': 145, 'name': 'symptomsd'} 
{'username': 'root', 'pid': 147, 'name': 'syspolicyd'} 
{'username': 'root', 'pid': 153, 'name': 'mobileassetd'} 
{'username': '_nsurlsessiond', 'pid': 164, 'name': 'nsurlsessiond'} 
{'username': 'root', 'pid': 171, 'name': 'lsd'} 
{'username': '_mdnsresponder', 'pid': 173, 'name': 'mDNSResponder'} 
{'username': 'root', 'pid': 179, 'name': 'mDNSResponderHel'} 
{'username': 'root', 'pid': 185, 'name': 'awdd'} 
{'username': 'root', 'pid': 186, 'name': 'apfsd'} 
{'username': 'root', 'pid': 187, 'name': 'usbd'} 
{'username': 'root', 'pid': 188, 'name': 'tzd'} 
{'username': 'root', 'pid': 189, 'name': 'socketfilterfw'} 
{'username': '_softwareupdate', 'pid': 190, 'name': 'softwareupdate_d'} 
{'username': 'root', 'pid': 191, 'name': 'com.philandro.an'} 
{'username': '_nsurlstoraged', 'pid': 193, 'name': 'nsurlstoraged'} 
{'username': '_analyticsd', 'pid': 195, 'name': 'analyticsd'} 
{'username': 'root', 'pid': 197, 'name': 'suhelperd'} 
{'username': 'root', 'pid': 198, 'name': 'watchdogd'} 
{'username': '_locationd', 'pid': 199, 'name': 'com.apple.geod'} 
{'username': '_locationd', 'pid': 200, 'name': 'secinitd'} 
{'username': '_locationd', 'pid': 201, 'name': 'cfprefsd'} 
{'username': '_locationd', 'pid': 202, 'name': 'trustd'} 
{'username': 'root', 'pid': 203, 'name': 'mds_stores'} 
{'username': 'root', 'pid': 204, 'name': 'SettingsDaemon'} 
{'username': 'root', 'pid': 206, 'name': 'thermald'} 
{'username': 'root', 'pid': 208, 'name': 'secinitd'} 
{'username': 'root', 'pid': 209, 'name': 'CVMServer'} 
{'username': 'root', 'pid': 210, 'name': 'colorsync.displa'} 
{'username': 'root', 'pid': 211, 'name': 'tccd'} 
{'username': 'root', 'pid': 212, 'name': 'colorsyncd'} 
{'username': 'root', 'pid': 220, 'name': 'sysmond'} 
{'username': 'root', 'pid': 221, 'name': 'systemstats'} 
{'username': 'root', 'pid': 222, 'name': 'com.apple.CodeSi'} 
{'username': 'root', 'pid': 223, 'name': 'com.apple.cmio.r'} 
{'username': '_cmiodalassistants', 'pid': 224, 'name': 'AppleCameraAssis'} 
{'username': 'root', 'pid': 226, 'name': 'AudioComponentRe'} 
{'username': 'root', 'pid': 227, 'name': 'sharedfilelistd'} 
{'username': '_coreaudiod', 'pid': 228, 'name': 'com.apple.audio.'} 
{'username': 'root', 'pid': 229, 'name': 'bootinstalld'} 
{'username': 'root', 'pid': 230, 'name': 'ViewBridgeAuxili'} 
{'username': 'root', 'pid': 231, 'name': 'distnoted'} 
{'username': 'root', 'pid': 236, 'name': 'com.apple.Accoun'} 
{'username': 'root', 'pid': 241, 'name': 'GSSCred'} 
{'username': 'root', 'pid': 242, 'name': 'com.apple.Perfor'} 
{'username': 'root', 'pid': 243, 'name': 'diskmanagementd'} 
{'username': 'root', 'pid': 245, 'name': 'coreauthd'} 
{'username': 'root', 'pid': 246, 'name': 'securityd_servic'} 
{'username': 'pratikbali', 'pid': 247, 'name': 'cfprefsd'} 
{'username': 'pratikbali', 'pid': 248, 'name': 'UserEventAgent'} 
{'username': 'pratikbali', 'pid': 250, 'name': 'distnoted'} 
{'username': 'pratikbali', 'pid': 251, 'name': 'universalaccessd'} 
{'username': 'pratikbali', 'pid': 252, 'name': 'CommCenter'} 
{'username': 'pratikbali', 'pid': 253, 'name': 'talagent'} 
{'username': 'pratikbali', 'pid': 254, 'name': 'Dock'} 
{'username': 'pratikbali', 'pid': 255, 'name': 'lsd'} 
{'username': 'pratikbali', 'pid': 256, 'name': 'trustd'} 
{'username': 'pratikbali', 'pid': 257, 'name': 'SystemUIServer'} 
{'username': 'pratikbali', 'pid': 258, 'name': 'Finder'} 
{'username': 'pratikbali', 'pid': 259, 'name': 'secd'} 
{'username': 'pratikbali', 'pid': 260, 'name': 'cloudd'} 
{'username': 'pratikbali', 'pid': 261, 'name': 'bird'} 
{'username': 'pratikbali', 'pid': 262, 'name': 'tccd'} 
{'username': 'pratikbali', 'pid': 263, 'name': 'nsurlsessiond'} 
{'username': 'pratikbali', 'pid': 264, 'name': 'accountsd'} 
{'username': 'pratikbali', 'pid': 267, 'name': 'pboard'} 
{'username': 'root', 'pid': 268, 'name': 'systemsoundserve'} 
{'username': 'root', 'pid': 269, 'name': 'WirelessRadioMan'} 
{'username': 'pratikbali', 'pid': 270, 'name': 'callservicesd'} 
{'username': 'pratikbali', 'pid': 271, 'name': 'CloudKeychainProxy'} 
{'username': 'pratikbali', 'pid': 273, 'name': 'identityservicesd'} 
{'username': 'pratikbali', 'pid': 274, 'name': 'ViewBridgeAuxiliary'} 
{'username': 'pratikbali', 'pid': 277, 'name': 'sharedfilelistd'} 
{'username': 'pratikbali', 'pid': 278, 'name': 'pkd'} 
{'username': 'pratikbali', 'pid': 282, 'name': 'fontd'} 
{'username': 'pratikbali', 'pid': 284, 'name': 'imagent'} 
{'username': 'pratikbali', 'pid': 285, 'name': 'backgroundtaskmanagementagent'} 
{'username': 'pratikbali', 'pid': 286, 'name': 'ContactsAccountsService'} 
{'username': 'pratikbali', 'pid': 287, 'name': 'IMDPersistenceAgent'} 
{'username': 'pratikbali', 'pid': 288, 'name': 'secinitd'} 
{'username': 'root', 'pid': 289, 'name': 'filecoordination'} 
{'username': 'root', 'pid': 290, 'name': 'wirelessproxd'} 
{'username': 'pratikbali', 'pid': 291, 'name': 'rapportd'} 
{'username': 'pratikbali', 'pid': 292, 'name': 'akd'} 
{'username': 'pratikbali', 'pid': 293, 'name': 'routined'} 
{'username': 'pratikbali', 'pid': 294, 'name': 'usernoted'} 
{'username': 'pratikbali', 'pid': 295, 'name': 'Spotlight'} 
{'username': 'pratikbali', 'pid': 296, 'name': 'NotificationCenter'} 
{'username': 'root', 'pid': 297, 'name': 'ctkahp'} 
{'username': 'pratikbali', 'pid': 298, 'name': 'ctkahp'} 
{'username': 'pratikbali', 'pid': 299, 'name': 'ctkd'} 
{'username': 'pratikbali', 'pid': 300, 'name': 'useractivityd'} 
{'username': 'pratikbali', 'pid': 301, 'name': 'com.apple.dock.extra'} 
{'username': 'pratikbali', 'pid': 302, 'name': 'sharingd'} 
{'username': 'pratikbali', 'pid': 305, 'name': 'soagent'} 
{'username': 'root', 'pid': 306, 'name': 'CrashReporterSup'} 
{'username': 'pratikbali', 'pid': 307, 'name': 'parsecd'} 
{'username': 'pratikbali', 'pid': 308, 'name': 'commerce'} 
{'username': 'pratikbali', 'pid': 309, 'name': 'com.apple.geod'} 
{'username': 'pratikbali', 'pid': 310, 'name': 'WiFiProxy'} 
{'username': 'pratikbali', 'pid': 311, 'name': 'iconservicesagent'} 
{'username': 'pratikbali', 'pid': 312, 'name': 'imklaunchagent'} 
{'username': 'pratikbali', 'pid': 313, 'name': 'fmfd'} 
{'username': 'pratikbali', 'pid': 315, 'name': 'CalendarAgent'} 
{'username': 'pratikbali', 'pid': 316, 'name': 'CallHistoryPluginHelper'} 
{'username': 'pratikbali', 'pid': 317, 'name': 'storeaccountd'} 
{'username': 'pratikbali', 'pid': 318, 'name': 'PAH_Extension'} 
{'username': 'pratikbali', 'pid': 319, 'name': 'DictationIM'} 
{'username': 'pratikbali', 'pid': 321, 'name': 'coreauthd'} 
{'username': 'pratikbali', 'pid': 323, 'name': 'fileproviderd'} 
{'username': 'pratikbali', 'pid': 324, 'name': 'CalNCService'} 
{'username': 'pratikbali', 'pid': 326, 'name': 'networkserviceproxy'} 
{'username': 'pratikbali', 'pid': 328, 'name': 'WiFiAgent'} 
{'username': 'pratikbali', 'pid': 329, 'name': 'CoreLocationAgent'} 
{'username': 'pratikbali', 'pid': 330, 'name': 'Android File Transfer Agent'} 
{'username': 'pratikbali', 'pid': 332, 'name': 'familycircled'} 
{'username': 'pratikbali', 'pid': 333, 'name': 'APFSUserAgent'} 
{'username': 'root', 'pid': 334, 'name': 'findmydeviced'} 
{'username': 'pratikbali', 'pid': 335, 'name': 'swcd'} 
{'username': 'pratikbali', 'pid': 336, 'name': 'assistantd'} 
{'username': 'pratikbali', 'pid': 339, 'name': 'corespeechd'} 
{'username': 'pratikbali', 'pid': 341, 'name': 'SocialPushAgent'} 
{'username': 'pratikbali', 'pid': 344, 'name': 'dmd'} 
{'username': 'pratikbali', 'pid': 345, 'name': 'Siri'} 
{'username': 'pratikbali', 'pid': 346, 'name': 'icdd'} 
{'username': 'pratikbali', 'pid': 347, 'name': 'FrontendAgent'} 
{'username': 'pratikbali', 'pid': 350, 'name': 'NotificationAgent'} 
{'username': 'pratikbali', 'pid': 351, 'name': 'AirPlayUIAgent'} 
{'username': 'pratikbali', 'pid': 352, 'name': 'knowledge-agent'} 
{'username': 'pratikbali', 'pid': 353, 'name': 'cloudpaird'} 
{'username': 'pratikbali', 'pid': 354, 'name': 'nbagent'} 
{'username': 'pratikbali', 'pid': 355, 'name': 'diagnostics_agent'} 
{'username': 'pratikbali', 'pid': 357, 'name': 'adprivacyd'} 
{'username': 'pratikbali', 'pid': 363, 'name': 'nsurlstoraged'} 
{'username': 'pratikbali', 'pid': 365, 'name': 'ContainerMetadataExtractor'} 
{'username': 'pratikbali', 'pid': 366, 'name': 'SafeEjectGPUAgent'} 
{'username': 'pratikbali', 'pid': 367, 'name': 'SafeEjectGPUService'} 
{'username': 'pratikbali', 'pid': 374, 'name': 'videosubscriptionsd'} 
{'username': 'pratikbali', 'pid': 378, 'name': 'FSMenuApp'} 
{'username': 'root', 'pid': 379, 'name': 'com.paragon-soft'} 
{'username': 'root', 'pid': 380, 'name': 'com.paragon-soft'} 
{'username': 'pratikbali', 'pid': 381, 'name': 'pbs'} 
{'username': '_fpsd', 'pid': 382, 'name': 'adid'} 
{'username': '_captiveagent', 'pid': 383, 'name': 'captiveagent'} 
{'username': 'pratikbali', 'pid': 384, 'name': 'followupd'} 
{'username': 'root', 'pid': 393, 'name': 'coresymbolicatio'} 
{'username': 'pratikbali', 'pid': 394, 'name': 'ProtectedCloudKeySyncing'} 
{'username': 'pratikbali', 'pid': 398, 'name': 'deleted'} 
{'username': 'root', 'pid': 403, 'name': 'com.apple.Ambien'} 
{'username': 'root', 'pid': 414, 'name': 'dmd'} 
{'username': 'pratikbali', 'pid': 420, 'name': 'media-indexer'} 
{'username': 'pratikbali', 'pid': 421, 'name': 'com.apple.iTunesLibraryService'} 
{'username': 'pratikbali', 'pid': 422, 'name': 'AudioComponentRegistrar'} 
{'username': 'pratikbali', 'pid': 423, 'name': 'IMRemoteURLConnectionAgent'} 
{'username': 'pratikbali', 'pid': 424, 'name': 'IMRemoteURLConnectionAgent'} 
{'username': 'pratikbali', 'pid': 426, 'name': 'IMRemoteURLConnectionAgent'} 
{'username': 'root', 'pid': 427, 'name': 'SubmitDiagInfo'} 
{'username': 'pratikbali', 'pid': 428, 'name': 'IMRemoteURLConnectionAgent'} 
{'username': 'pratikbali', 'pid': 429, 'name': 'com.apple.audio.SandboxHelper'} 
{'username': 'pratikbali', 'pid': 436, 'name': 'mdworker_shared'} 
{'username': 'pratikbali', 'pid': 437, 'name': 'mdworker_shared'} 
{'username': 'pratikbali', 'pid': 438, 'name': 'CoreServicesUIAgent'} 
{'username': 'pratikbali', 'pid': 439, 'name': 'softwareupdate_notify_agent'} 
{'username': '_softwareupdate', 'pid': 440, 'name': 'softwareupdated'} 
{'username': 'pratikbali', 'pid': 442, 'name': 'storelegacy'} 
{'username': 'pratikbali', 'pid': 443, 'name': 'storeassetd'} 
{'username': 'pratikbali', 'pid': 444, 'name': 'LaterAgent'} 
{'username': 'root', 'pid': 445, 'name': 'iconservicesagen'} 
{'username': '_spotlight', 'pid': 448, 'name': 'trustd'} 
{'username': 'pratikbali', 'pid': 450, 'name': 'AssetCacheLocatorService'} 
{'username': '_assetcache', 'pid': 451, 'name': 'AssetCache'} 
{'username': '_spotlight', 'pid': 452, 'name': 'mdworker_shared'} 
{'username': '_spotlight', 'pid': 456, 'name': 'distnoted'} 
{'username': 'pratikbali', 'pid': 459, 'name': 'SiriNCService'} 
{'username': 'pratikbali', 'pid': 461, 'name': 'SafariBookmarksSyncAgent'} 
{'username': 'pratikbali', 'pid': 462, 'name': 'assistant_service'} 
{'username': 'pratikbali', 'pid': 495, 'name': 'cloudphotosd'} 
{'username': 'pratikbali', 'pid': 496, 'name': 'com.apple.CloudPhotosConfiguration'} 
{'username': 'pratikbali', 'pid': 506, 'name': 'corespotlightd'} 
{'username': 'pratikbali', 'pid': 507, 'name': 'suggestd'} 
{'username': 'pratikbali', 'pid': 508, 'name': 'photolibraryd'} 
{'username': 'pratikbali', 'pid': 509, 'name': 'ScopedBookmarkAgent'} 
{'username': 'pratikbali', 'pid': 510, 'name': 'com.apple.photomoments'} 
{'username': 'pratikbali', 'pid': 511, 'name': 'photoanalysisd'} 
{'username': 'pratikbali', 'pid': 512, 'name': 'com.apple.PhotoIngestService'} 
{'username': 'pratikbali', 'pid': 517, 'name': 'com.apple.quicklook.ThumbnailsAgent'} 
{'username': 'root', 'pid': 518, 'name': 'system_installd'} 
{'username': 'root', 'pid': 519, 'name': 'installd'} 
{'username': 'pratikbali', 'pid': 520, 'name': 'storedownloadd'} 
{'username': 'root', 'pid': 521, 'name': 'sysdiagnose'} 
{'username': 'pratikbali', 'pid': 526, 'name': 'com.apple.MediaLibraryService'} 
{'username': 'pratikbali', 'pid': 529, 'name': 'mdwrite'} 
{'username': 'pratikbali', 'pid': 531, 'name': 'atsd'} 
{'username': 'pratikbali', 'pid': 532, 'name': 'OSDUIHelper'} 
{'username': 'root', 'pid': 535, 'name': 'spindump'} 
{'username': 'pratikbali', 'pid': 538, 'name': 'com.apple.SafariServices'} 
{'username': 'pratikbali', 'pid': 542, 'name': 'Electron'} 
{'username': '_gamecontrollerd', 'pid': 543, 'name': 'gamecontrollerd'} 
{'username': 'pratikbali', 'pid': 544, 'name': 'Code Helper'} 
{'username': 'pratikbali', 'pid': 551, 'name': 'crashpad_handler'} 
{'username': 'pratikbali', 'pid': 570, 'name': 'Code Helper'} 
{'username': 'pratikbali', 'pid': 583, 'name': 'com.apple.DictionaryServiceHelper'} 
{'username': 'pratikbali', 'pid': 584, 'name': 'GitHub Desktop'} 
{'username': 'pratikbali', 'pid': 589, 'name': 'GitHub Desktop Helper'} 
{'username': 'pratikbali', 'pid': 590, 'name': 'GitHub Desktop Helper'} 
{'username': 'pratikbali', 'pid': 684, 'name': 'Code Helper'} 
{'username': 'pratikbali', 'pid': 685, 'name': 'bash'} 
{'username': 'pratikbali', 'pid': 688, 'name': 'Code Helper'} 
{'username': 'pratikbali', 'pid': 689, 'name': 'Code Helper'} 
{'username': 'root', 'pid': 697, 'name': 'taskgated'} 
{'username': 'pratikbali', 'pid': 741, 'name': 'Python'} 
{'username': 'pratikbali', 'pid': 807, 'name': 'Python'} 
{'username': 'pratikbali', 'pid': 825, 'name': 'Code Helper'} 
{'username': 'pratikbali', 'pid': 919, 'name': 'Mail'} 
{'username': 'pratikbali', 'pid': 922, 'name': 'Safari'} 
{'username': 'pratikbali', 'pid': 923, 'name': 'com.apple.Safari.History'} 
{'username': 'pratikbali', 'pid': 925, 'name': 'com.apple.hiservices-xpcservice'} 
{'username': 'pratikbali', 'pid': 927, 'name': 'com.apple.WebKit.Networking'} 
{'username': 'pratikbali', 'pid': 928, 'name': 'com.apple.Safari.SandboxBroker'} 
{'username': 'pratikbali', 'pid': 931, 'name': 'com.apple.CoreSimulator.CoreSimulatorService'} 
{'username': 'pratikbali', 'pid': 932, 'name': 'webinspectord'} 
{'username': 'pratikbali', 'pid': 934, 'name': 'recentsd'} 
{'username': 'pratikbali', 'pid': 936, 'name': 'com.apple.WebKit.Networking'} 
{'username': 'root', 'pid': 937, 'name': 'dprivacyd'} 
{'username': 'pratikbali', 'pid': 939, 'name': 'reversetemplated'} 
{'username': 'pratikbali', 'pid': 943, 'name': 'com.apple.audio.SandboxHelper'} 
{'username': 'pratikbali', 'pid': 978, 'name': 'TextEdit'} 
{'username': 'pratikbali', 'pid': 979, 'name': 'XprotectService'} 
{'username': 'pratikbali', 'pid': 980, 'name': 'AppleSpell'} 
{'username': 'pratikbali', 'pid': 981, 'name': 'keyboardservicesd'} 
{'username': 'pratikbali', 'pid': 1020, 'name': 'com.apple.appkit.xpc.openAndSavePanelService'} 
{'username': 'pratikbali', 'pid': 1039, 'name': 'QuickLookUIService'} 
{'username': 'pratikbali', 'pid': 1041, 'name': 'Preview'} 
{'username': 'pratikbali', 'pid': 1166, 'name': 'mdworker_shared'} 
{'username': 'pratikbali', 'pid': 1236, 'name': 'appstoreagent'} 
{'username': 'pratikbali', 'pid': 1321, 'name': 'com.apple.siri-distributed-evaluation'} 
{'username': 'pratikbali', 'pid': 1814, 'name': 'com.apple.WebKit.WebContent'} 
{'username': 'pratikbali', 'pid': 1815, 'name': 'com.apple.Safari.SafeBrowsing.Service'} 
{'username': 'pratikbali', 'pid': 1816, 'name': 'com.apple.WebKit.Storage'} 
{'username': 'pratikbali', 'pid': 1818, 'name': 'Bandwidth+'} 
{'username': 'pratikbali', 'pid': 1819, 'name': 'com.apple.speech.speechsynthesisd'} 
{'username': 'pratikbali', 'pid': 1822, 'name': 'mdworker_shared'} 
{'username': 'pratikbali', 'pid': 1823, 'name': 'mdworker_shared'} 
{'username': 'pratikbali', 'pid': 1824, 'name': 'mdworker_shared'} 
{'username': 'pratikbali', 'pid': 1840, 'name': 'mdworker_shared'} 
{'username': 'pratikbali', 'pid': 1852, 'name': 'mdworker_shared'} 
{'username': 'pratikbali', 'pid': 1854, 'name': 'mdworker_shared'} 
{'username': 'pratikbali', 'pid': 2063, 'name': 'com.apple.iCloudHelper'} 
{'username': 'root', 'pid': 2064, 'name': 'ocspd'} 
{'username': 'pratikbali', 'pid': 2066, 'name': 'mdworker_shared'} 
{'username': 'root', 'pid': 2190, 'name': 'rpcsvchost'} 
{'username': '_netbios', 'pid': 2199, 'name': 'netbiosd'} 
{'username': 'pratikbali', 'pid': 2207, 'name': 'mdworker_shared'} 
{'username': 'pratikbali', 'pid': 2208, 'name': 'mdworker_shared'} 
{'username': 'pratikbali', 'pid': 2209, 'name': 'mdworker_shared'} 
{'username': 'pratikbali', 'pid': 2210, 'name': 'mdworker_shared'} 
{'username': 'pratikbali', 'pid': 2266, 'name': 'Python'} 
{'username': 'pratikbali', 'pid': 2267, 'name': 'Python'} 
