--------------------------------------------------------------------------------
Process Log Fri Apr 26 19:28:06 2019
--------------------------------------------------------------------------------
{'name': 'System Idle Process', 'username': 'NT AUTHORITY\\SYSTEM', 'pid': 0, 'vms': 0.05078125} 
{'name': 'System', 'username': 'NT AUTHORITY\\SYSTEM', 'pid': 4, 'vms': 0.18359375} 
{'name': 'svchost.exe', 'username': None, 'pid': 76, 'vms': 17.69921875} 
{'name': 'smss.exe', 'username': None, 'pid': 436, 'vms': 0.47265625} 
{'name': 'sppsvc.exe', 'username': None, 'pid': 596, 'vms': 5.16015625} 
{'name': 'cmd.exe', 'username': 'NTNET\\pratibal', 'pid': 608, 'vms': 4.76953125} 
{'name': 'svchost.exe', 'username': None, 'pid': 620, 'vms': 1.4609375} 
{'name': 'fontdrvhost.exe', 'username': None, 'pid': 668, 'vms': 3.03515625} 
{'name': 'csrss.exe', 'username': None, 'pid': 680, 'vms': 1.78125} 
{'name': 'wininit.exe', 'username': None, 'pid': 836, 'vms': 1.703125} 
{'name': 'csrss.exe', 'username': None, 'pid': 848, 'vms': 3.30078125} 
{'name': 'services.exe', 'username': None, 'pid': 924, 'vms': 8.46875} 
{'name': 'lsass.exe', 'username': None, 'pid': 932, 'vms': 14.9921875} 
{'name': 'svchost.exe', 'username': None, 'pid': 1080, 'vms': 7.16015625} 
{'name': 'svchost.exe', 'username': None, 'pid': 1112, 'vms': 16.86328125} 
{'name': 'winlogon.exe', 'username': None, 'pid': 1128, 'vms': 2.8046875} 
{'name': 'svchost.exe', 'username': None, 'pid': 1156, 'vms': 11.1328125} 
{'name': 'svchost.exe', 'username': None, 'pid': 1228, 'vms': 5.265625} 
{'name': 'fontdrvhost.exe', 'username': None, 'pid': 1264, 'vms': 9.31640625} 
{'name': 'chrome.exe', 'username': 'NTNET\\pratibal', 'pid': 1316, 'vms': 155.359375} 
{'name': 'svchost.exe', 'username': None, 'pid': 1368, 'vms': 26.58984375} 
{'name': 'svchost.exe', 'username': None, 'pid': 1424, 'vms': 2.484375} 
{'name': 'svchost.exe', 'username': None, 'pid': 1444, 'vms': 5.19140625} 
{'name': 'svchost.exe', 'username': None, 'pid': 1468, 'vms': 3.1328125} 
{'name': 'svchost.exe', 'username': None, 'pid': 1472, 'vms': 6.94921875} 
{'name': 'svchost.exe', 'username': None, 'pid': 1480, 'vms': 2.921875} 
{'name': 'svchost.exe', 'username': None, 'pid': 1508, 'vms': 2.265625} 
{'name': 'dwm.exe', 'username': None, 'pid': 1552, 'vms': 150.1875} 
{'name': 'svchost.exe', 'username': None, 'pid': 1588, 'vms': 2.5546875} 
{'name': 'WmiApSrv.exe', 'username': None, 'pid': 1624, 'vms': 2.21875} 
{'name': 'conhost.exe', 'username': 'NTNET\\pratibal', 'pid': 1680, 'vms': 11.17578125} 
{'name': 'svchost.exe', 'username': None, 'pid': 1692, 'vms': 2.5546875} 
{'name': 'bash.exe', 'username': 'NTNET\\pratibal', 'pid': 1724, 'vms': 2.48828125} 
{'name': 'WUDFHost.exe', 'username': None, 'pid': 1760, 'vms': 4.44140625} 
{'name': 'svchost.exe', 'username': None, 'pid': 1828, 'vms': 3.77734375} 
{'name': 'Apoint.exe', 'username': 'NTNET\\pratibal', 'pid': 1860, 'vms': 3.76953125} 
{'name': 'RuntimeBroker.exe', 'username': 'NTNET\\pratibal', 'pid': 1960, 'vms': 12.69921875} 
{'name': 'svchost.exe', 'username': None, 'pid': 1980, 'vms': 2.17578125} 
{'name': 'svchost.exe', 'username': None, 'pid': 2016, 'vms': 2.734375} 
{'name': 'svchost.exe', 'username': None, 'pid': 2064, 'vms': 2.22265625} 
{'name': 'svchost.exe', 'username': None, 'pid': 2084, 'vms': 3.09765625} 
{'name': 'LockApp.exe', 'username': 'NTNET\\pratibal', 'pid': 2140, 'vms': 19.25390625} 
{'name': 'svchost.exe', 'username': None, 'pid': 2168, 'vms': 1.82421875} 
{'name': 'svchost.exe', 'username': None, 'pid': 2208, 'vms': 2.421875} 
{'name': 'svchost.exe', 'username': None, 'pid': 2272, 'vms': 3.1953125} 
{'name': 'svchost.exe', 'username': None, 'pid': 2356, 'vms': 2.7421875} 
{'name': 'svchost.exe', 'username': None, 'pid': 2388, 'vms': 1.8671875} 
{'name': 'svchost.exe', 'username': None, 'pid': 2396, 'vms': 2.92578125} 
{'name': 'svchost.exe', 'username': None, 'pid': 2536, 'vms': 2.296875} 
{'name': 'RuntimeBroker.exe', 'username': 'NTNET\\pratibal', 'pid': 2584, 'vms': 2.84765625} 
{'name': 'igfxCUIService.exe', 'username': None, 'pid': 2600, 'vms': 2.24609375} 
{'name': 'Memory Compression', 'username': None, 'pid': 2628, 'vms': 2.8828125} 
{'name': 'svchost.exe', 'username': None, 'pid': 2772, 'vms': 5.51953125} 
{'name': 'svchost.exe', 'username': None, 'pid': 2852, 'vms': 2.87890625} 
{'name': 'svchost.exe', 'username': None, 'pid': 2876, 'vms': 2.9453125} 
{'name': 'svchost.exe', 'username': None, 'pid': 2924, 'vms': 2.54296875} 
{'name': 'svchost.exe', 'username': None, 'pid': 2932, 'vms': 2.796875} 
{'name': 'svchost.exe', 'username': None, 'pid': 3032, 'vms': 4.6484375} 
{'name': 'svchost.exe', 'username': None, 'pid': 3056, 'vms': 2.87109375} 
{'name': 'svchost.exe', 'username': None, 'pid': 3116, 'vms': 4.59375} 
{'name': 'svchost.exe', 'username': None, 'pid': 3132, 'vms': 2.93359375} 
{'name': 'sihost.exe', 'username': 'NTNET\\pratibal', 'pid': 3176, 'vms': 8.73828125} 
{'name': 'svchost.exe', 'username': None, 'pid': 3280, 'vms': 4.31640625} 
{'name': 'svchost.exe', 'username': None, 'pid': 3296, 'vms': 6.0625} 
{'name': 'svchost.exe', 'username': None, 'pid': 3360, 'vms': 4.78515625} 
{'name': 'RtkAudioService64.exe', 'username': None, 'pid': 3364, 'vms': 2.3984375} 
{'name': 'svchost.exe', 'username': None, 'pid': 3560, 'vms': 3.1328125} 
{'name': 'svchost.exe', 'username': None, 'pid': 3568, 'vms': 2.18359375} 
{'name': 'svchost.exe', 'username': None, 'pid': 3576, 'vms': 25.16015625} 
{'name': 'SystemSettingsBroker.exe', 'username': 'NTNET\\pratibal', 'pid': 3600, 'vms': 8.98828125} 
{'name': 'svchost.exe', 'username': None, 'pid': 3660, 'vms': 4.14453125} 
{'name': 'svchost.exe', 'username': None, 'pid': 3668, 'vms': 2.18359375} 
{'name': 'PresentationFontCache.exe', 'username': None, 'pid': 3688, 'vms': 24.578125} 
{'name': 'svchost.exe', 'username': None, 'pid': 3748, 'vms': 5.08203125} 
{'name': 'svchost.exe', 'username': None, 'pid': 3792, 'vms': 3.4375} 
{'name': 'WinStore.App.exe', 'username': 'NTNET\\pratibal', 'pid': 3880, 'vms': 32.87890625} 
{'name': 'Code.exe', 'username': 'NTNET\\pratibal', 'pid': 3892, 'vms': 177.015625} 
{'name': 'ss_conn_service.exe', 'username': None, 'pid': 3916, 'vms': 2.48046875} 
{'name': 'cmd.exe', 'username': 'NTNET\\pratibal', 'pid': 3992, 'vms': 3.9921875} 
{'name': 'svchost.exe', 'username': None, 'pid': 4020, 'vms': 8.61328125} 
{'name': 'spoolsv.exe', 'username': None, 'pid': 4212, 'vms': 11.4921875} 
{'name': 'chrome.exe', 'username': 'NTNET\\pratibal', 'pid': 4316, 'vms': 242.17578125} 
{'name': 'WmiPrvSE.exe', 'username': None, 'pid': 4468, 'vms': 45.25390625} 
{'name': 'AmdocsSIMS.exe', 'username': None, 'pid': 4516, 'vms': 54.0} 
{'name': 'svchost.exe', 'username': None, 'pid': 4528, 'vms': 6.0} 
{'name': 'OfficeClickToRun.exe', 'username': None, 'pid': 4536, 'vms': 41.8046875} 
{'name': 'armsvc.exe', 'username': None, 'pid': 4544, 'vms': 1.96484375} 
{'name': 'svchost.exe', 'username': None, 'pid': 4552, 'vms': 6.8828125} 
{'name': 'svchost.exe', 'username': None, 'pid': 4560, 'vms': 11.02734375} 
{'name': 'HidMonitorSvc.exe', 'username': None, 'pid': 4584, 'vms': 2.1953125} 
{'name': 'esif_uf.exe', 'username': None, 'pid': 4620, 'vms': 2.29296875} 
{'name': 'svchost.exe', 'username': None, 'pid': 4636, 'vms': 49.20703125} 
{'name': 'F5InstallerService.exe', 'username': None, 'pid': 4656, 'vms': 3.46875} 
{'name': 'IntelCpHDCPSvc.exe', 'username': None, 'pid': 4668, 'vms': 1.84765625} 
{'name': 'chrome.exe', 'username': 'NTNET\\pratibal', 'pid': 4692, 'vms': 82.40625} 
{'name': 'discagnt.exe', 'username': None, 'pid': 4704, 'vms': 6.41796875} 
{'name': 'F5FltSrv.exe', 'username': None, 'pid': 4716, 'vms': 3.67578125} 
{'name': 'F5CredMgrSrv.exe', 'username': None, 'pid': 4748, 'vms': 2.95703125} 
{'name': 'F5TrafficSrv.exe', 'username': None, 'pid': 4756, 'vms': 1.3125} 
{'name': 'F5MachineCertService.exe', 'username': None, 'pid': 4780, 'vms': 2.1171875} 
{'name': 'svchost.exe', 'username': None, 'pid': 4860, 'vms': 3.05078125} 
{'name': 'PFERemediation.exe', 'username': None, 'pid': 4920, 'vms': 17.60546875} 
{'name': 'svchost.exe', 'username': None, 'pid': 4936, 'vms': 2.09375} 
{'name': 'SecurityHealthService.exe', 'username': None, 'pid': 4988, 'vms': 5.08203125} 
{'name': 'ccSvcHst.exe', 'username': None, 'pid': 5044, 'vms': 250.01171875} 
{'name': 'svchost.exe', 'username': None, 'pid': 5076, 'vms': 2.671875} 
{'name': 'svchost.exe', 'username': None, 'pid': 5084, 'vms': 1.859375} 
{'name': 'Wanova.Desktop.Service.exe', 'username': None, 'pid': 5112, 'vms': 1373.01953125} 
{'name': 'WavesSysSvc64.exe', 'username': None, 'pid': 5144, 'vms': 3.578125} 
{'name': 'svchost.exe', 'username': None, 'pid': 5160, 'vms': 5.55859375} 
{'name': 'kvoop.exe', 'username': None, 'pid': 5200, 'vms': 2.10546875} 
{'name': 'wepsvc.exe', 'username': None, 'pid': 5276, 'vms': 11.48046875} 
{'name': 'chrome.exe', 'username': 'NTNET\\pratibal', 'pid': 5552, 'vms': 57.4765625} 
{'name': 'svchost.exe', 'username': None, 'pid': 5684, 'vms': 36.703125} 
{'name': 'wlanext.exe', 'username': None, 'pid': 5792, 'vms': 1.5078125} 
{'name': 'conhost.exe', 'username': None, 'pid': 5804, 'vms': 1.7734375} 
{'name': 'OneDrive.exe', 'username': 'NTNET\\pratibal', 'pid': 5816, 'vms': 54.359375} 
{'name': 'WmiPrvSE.exe', 'username': None, 'pid': 5856, 'vms': 25.83984375} 
{'name': 'EndPointClassifier.exe', 'username': None, 'pid': 5880, 'vms': 140.23046875} 
{'name': 'discusge.exe', 'username': None, 'pid': 6040, 'vms': 4.92578125} 
{'name': 'conhost.exe', 'username': None, 'pid': 6052, 'vms': 1.8515625} 
{'name': 'Code.exe', 'username': 'NTNET\\pratibal', 'pid': 6084, 'vms': 55.03515625} 
{'name': 'kvoop.exe', 'username': None, 'pid': 6120, 'vms': 2.0703125} 
{'name': 'Code.exe', 'username': 'NTNET\\pratibal', 'pid': 6256, 'vms': 14.4921875} 
{'name': 'svchost.exe', 'username': None, 'pid': 6304, 'vms': 1.80078125} 
{'name': 'Code.exe', 'username': 'NTNET\\pratibal', 'pid': 6736, 'vms': 7.5390625} 
{'name': 'IntelCpHeciSvc.exe', 'username': None, 'pid': 6744, 'vms': 1.875} 
{'name': 'kvoop.exe', 'username': None, 'pid': 6772, 'vms': 2.0625} 
{'name': 'kvoop.exe', 'username': None, 'pid': 6992, 'vms': 1.9921875} 
{'name': 'Code.exe', 'username': 'NTNET\\pratibal', 'pid': 7032, 'vms': 230.19921875} 
{'name': 'kvoop.exe', 'username': None, 'pid': 7036, 'vms': 2.06640625} 
{'name': 'kvoop.exe', 'username': None, 'pid': 7084, 'vms': 2.1015625} 
{'name': 'VSSVC.exe', 'username': None, 'pid': 7184, 'vms': 7.37109375} 
{'name': 'Code.exe', 'username': 'NTNET\\pratibal', 'pid': 7416, 'vms': 23.30078125} 
{'name': 'svchost.exe', 'username': 'NTNET\\pratibal', 'pid': 7420, 'vms': 8.5078125} 
{'name': 'svchost.exe', 'username': None, 'pid': 7468, 'vms': 3.078125} 
{'name': 'lync.exe', 'username': 'NTNET\\pratibal', 'pid': 7584, 'vms': 215.7421875} 
{'name': 'svchost.exe', 'username': None, 'pid': 7592, 'vms': 3.78515625} 
{'name': 'unsecapp.exe', 'username': None, 'pid': 7708, 'vms': 1.90625} 
{'name': 'ApMsgFwd.exe', 'username': 'NTNET\\pratibal', 'pid': 7724, 'vms': 2.98046875} 
{'name': 'svchost.exe', 'username': None, 'pid': 7816, 'vms': 3.05859375} 
{'name': 'AcroRd32.exe', 'username': 'NTNET\\pratibal', 'pid': 7832, 'vms': 159.6796875} 
{'name': 'SearchUI.exe', 'username': 'NTNET\\pratibal', 'pid': 7976, 'vms': 75.93359375} 
{'name': 'OUTLOOK.EXE', 'username': 'NTNET\\pratibal', 'pid': 8068, 'vms': 469.2890625} 
{'name': 'conhost.exe', 'username': 'NTNET\\pratibal', 'pid': 8084, 'vms': 7.53125} 
{'name': 'svchost.exe', 'username': 'NTNET\\pratibal', 'pid': 8296, 'vms': 3.43359375} 
{'name': 'audiodg.exe', 'username': None, 'pid': 8624, 'vms': 7.3515625} 
{'name': 'conhost.exe', 'username': 'NTNET\\pratibal', 'pid': 8760, 'vms': 4.875} 
{'name': 'RdrCEF.exe', 'username': 'NTNET\\pratibal', 'pid': 8772, 'vms': 11.40625} 
{'name': 'explorer.exe', 'username': 'NTNET\\pratibal', 'pid': 8932, 'vms': 99.09765625} 
{'name': 'svchost.exe', 'username': None, 'pid': 8936, 'vms': 6.1328125} 
{'name': 'hidfind.exe', 'username': 'NTNET\\pratibal', 'pid': 9232, 'vms': 2.5859375} 
{'name': 'ApntEx.exe', 'username': 'NTNET\\pratibal', 'pid': 9356, 'vms': 2.828125} 
{'name': 'chrome.exe', 'username': 'NTNET\\pratibal', 'pid': 9376, 'vms': 313.5390625} 
{'name': 'taskhostw.exe', 'username': 'NTNET\\pratibal', 'pid': 9388, 'vms': 9.69140625} 
{'name': 'CcmExec.exe', 'username': None, 'pid': 9428, 'vms': 41.9375} 
{'name': 'chrome.exe', 'username': 'NTNET\\pratibal', 'pid': 9584, 'vms': 39.0234375} 
{'name': 'conhost.exe', 'username': 'NTNET\\pratibal', 'pid': 9620, 'vms': 6.640625} 
{'name': 'svchost.exe', 'username': None, 'pid': 9844, 'vms': 2.26953125} 
{'name': 'svchost.exe', 'username': None, 'pid': 9892, 'vms': 3.96484375} 
{'name': 'SystemSettings.exe', 'username': 'NTNET\\pratibal', 'pid': 9912, 'vms': 17.890625} 
{'name': 'svchost.exe', 'username': None, 'pid': 9944, 'vms': 2.6875} 
{'name': 'chrome.exe', 'username': 'NTNET\\pratibal', 'pid': 10188, 'vms': 251.8359375} 
{'name': 'svchost.exe', 'username': None, 'pid': 10528, 'vms': 7.1875} 
{'name': 'chrome.exe', 'username': 'NTNET\\pratibal', 'pid': 10584, 'vms': 5.765625} 
{'name': 'ShellExperienceHost.exe', 'username': 'NTNET\\pratibal', 'pid': 10656, 'vms': 133.67578125} 
{'name': 'MBAMAgent.exe', 'username': None, 'pid': 10696, 'vms': 3.66015625} 
{'name': 'svchost.exe', 'username': None, 'pid': 10868, 'vms': 3.30078125} 
{'name': 'RuntimeBroker.exe', 'username': 'NTNET\\pratibal', 'pid': 11132, 'vms': 10.828125} 
{'name': 'chrome.exe', 'username': 'NTNET\\pratibal', 'pid': 11188, 'vms': 54.38671875} 
{'name': 'RuntimeBroker.exe', 'username': 'NTNET\\pratibal', 'pid': 11256, 'vms': 8.7109375} 
{'name': 'CodeHelper.exe', 'username': 'NTNET\\pratibal', 'pid': 11384, 'vms': 12.19140625} 
{'name': 'svchost.exe', 'username': None, 'pid': 11396, 'vms': 2.66796875} 
{'name': 'dllhost.exe', 'username': 'NTNET\\pratibal', 'pid': 11436, 'vms': 4.09765625} 
{'name': 'chrome.exe', 'username': 'NTNET\\pratibal', 'pid': 11504, 'vms': 14.8515625} 
{'name': 'svchost.exe', 'username': None, 'pid': 11620, 'vms': 4.61328125} 
{'name': 'GoogleCrashHandler.exe', 'username': None, 'pid': 11708, 'vms': 2.1171875} 
{'name': 'svchost.exe', 'username': None, 'pid': 11748, 'vms': 4.62890625} 
{'name': 'ONENOTEM.EXE', 'username': 'NTNET\\pratibal', 'pid': 11776, 'vms': 3.27734375} 
{'name': 'svchost.exe', 'username': None, 'pid': 11976, 'vms': 3.33984375} 
{'name': 'GoogleCrashHandler64.exe', 'username': None, 'pid': 12080, 'vms': 2.13671875} 
{'name': 'iexplore.exe', 'username': 'NTNET\\pratibal', 'pid': 12104, 'vms': 61.34765625} 
{'name': 'RuntimeBroker.exe', 'username': 'NTNET\\pratibal', 'pid': 12132, 'vms': 6.13671875} 
{'name': 'svchost.exe', 'username': None, 'pid': 12408, 'vms': 3.51171875} 
{'name': 'A180AG.exe', 'username': None, 'pid': 12432, 'vms': 42.97265625} 
{'name': 'svchost.exe', 'username': None, 'pid': 12564, 'vms': 2.66015625} 
{'name': 'WmiPrvSE.exe', 'username': None, 'pid': 12780, 'vms': 3.47265625} 
{'name': 'SearchIndexer.exe', 'username': None, 'pid': 12980, 'vms': 81.62109375} 
{'name': 'WmiPrvSE.exe', 'username': None, 'pid': 13104, 'vms': 9.23046875} 
{'name': 'chrome.exe', 'username': 'NTNET\\pratibal', 'pid': 13336, 'vms': 22.35546875} 
{'name': 'chrome.exe', 'username': 'NTNET\\pratibal', 'pid': 13376, 'vms': 35.0625} 
{'name': 'taskhostw.exe', 'username': 'NTNET\\pratibal', 'pid': 13552, 'vms': 4.7890625} 
{'name': 'svchost.exe', 'username': None, 'pid': 13632, 'vms': 2.015625} 
{'name': 'Code.exe', 'username': 'NTNET\\pratibal', 'pid': 13772, 'vms': 478.30078125} 
{'name': 'CmRcService.exe', 'username': None, 'pid': 13912, 'vms': 3.765625} 
{'name': 'WmiPrvSE.exe', 'username': None, 'pid': 13956, 'vms': 6.90234375} 
{'name': 'RuntimeBroker.exe', 'username': 'NTNET\\pratibal', 'pid': 14048, 'vms': 12.828125} 
{'name': 'conhost.exe', 'username': 'NTNET\\pratibal', 'pid': 14132, 'vms': 6.1875} 
{'name': 'svchost.exe', 'username': 'NTNET\\pratibal', 'pid': 14312, 'vms': 5.83203125} 
{'name': 'chrome.exe', 'username': 'NTNET\\pratibal', 'pid': 14444, 'vms': 30.80078125} 
{'name': 'A180WD.exe', 'username': None, 'pid': 14804, 'vms': 3.1015625} 
{'name': 'explorer.exe', 'username': 'NTNET\\pratibal', 'pid': 14880, 'vms': 96.390625} 
{'name': 'cmd.exe', 'username': 'NTNET\\pratibal', 'pid': 14960, 'vms': 3.8203125} 
{'name': 'dllhost.exe', 'username': 'NTNET\\pratibal', 'pid': 15240, 'vms': 2.41015625} 
{'name': 'WINWORD.EXE', 'username': 'NTNET\\pratibal', 'pid': 15740, 'vms': 248.39453125} 
{'name': 'bash.exe', 'username': 'NTNET\\pratibal', 'pid': 15936, 'vms': 7.6015625} 
{'name': 'chrome.exe', 'username': 'NTNET\\pratibal', 'pid': 15956, 'vms': 26.2109375} 
{'name': 'RuntimeBroker.exe', 'username': 'NTNET\\pratibal', 'pid': 15960, 'vms': 17.6484375} 
{'name': 'python.exe', 'username': 'NTNET\\pratibal', 'pid': 16308, 'vms': 8.140625} 
{'name': 'RdrCEF.exe', 'username': 'NTNET\\pratibal', 'pid': 16324, 'vms': 59.21875} 
{'name': 'lynchtmlconv.exe', 'username': 'NTNET\\pratibal', 'pid': 16464, 'vms': 52.515625} 
{'name': 'Code.exe', 'username': 'NTNET\\pratibal', 'pid': 16732, 'vms': 122.3984375} 
{'name': 'chrome.exe', 'username': 'NTNET\\pratibal', 'pid': 16768, 'vms': 280.453125} 
{'name': 'Calculator.exe', 'username': 'NTNET\\pratibal', 'pid': 16816, 'vms': 16.33203125} 
{'name': 'UcMapi.exe', 'username': 'NTNET\\pratibal', 'pid': 16904, 'vms': 23.328125} 
{'name': 'CodeHelper.exe', 'username': 'NTNET\\pratibal', 'pid': 17300, 'vms': 11.2734375} 
{'name': 'chrome.exe', 'username': 'NTNET\\pratibal', 'pid': 17440, 'vms': 3.25} 
{'name': 'ApplicationFrameHost.exe', 'username': 'NTNET\\pratibal', 'pid': 18176, 'vms': 21.37890625} 
{'name': 'winpty-agent.exe', 'username': 'NTNET\\pratibal', 'pid': 19248, 'vms': 3.0390625} 
{'name': 'Code.exe', 'username': 'NTNET\\pratibal', 'pid': 19568, 'vms': 45.77734375} 
{'name': 'FileCoAuth.exe', 'username': 'NTNET\\pratibal', 'pid': 19588, 'vms': 7.33203125} 
{'name': 'chrome.exe', 'username': 'NTNET\\pratibal', 'pid': 19736, 'vms': 102.51171875} 
{'name': 'chrome.exe', 'username': 'NTNET\\pratibal', 'pid': 19748, 'vms': 208.4453125} 
{'name': 'svchost.exe', 'username': None, 'pid': 20340, 'vms': 2.109375} 
{'name': 'node.exe', 'username': 'NTNET\\pratibal', 'pid': 20416, 'vms': 86.48046875} 
{'name': 'ALM-Client.exe', 'username': 'NTNET\\pratibal', 'pid': 20436, 'vms': 283.5703125} 
{'name': 'chrome.exe', 'username': 'NTNET\\pratibal', 'pid': 20492, 'vms': 13.625} 
{'name': 'svchost.exe', 'username': None, 'pid': 20528, 'vms': 2.55859375} 
{'name': 'ONENOTE.EXE', 'username': 'NTNET\\pratibal', 'pid': 20756, 'vms': 88.76171875} 
{'name': 'bash.exe', 'username': 'NTNET\\pratibal', 'pid': 20820, 'vms': 7.953125} 
{'name': 'A180CM.exe', 'username': None, 'pid': 20976, 'vms': 21.19921875} 
{'name': 'conhost.exe', 'username': None, 'pid': 21472, 'vms': 1.75} 
{'name': 'Microsoft.Photos.exe', 'username': 'NTNET\\pratibal', 'pid': 21820, 'vms': 71.42578125} 
{'name': 'svchost.exe', 'username': None, 'pid': 22072, 'vms': 7.125} 
{'name': 'splwow64.exe', 'username': 'NTNET\\pratibal', 'pid': 22324, 'vms': 6.63671875} 
{'name': 'svchost.exe', 'username': None, 'pid': 22560, 'vms': 2.21875} 
{'name': 'p4v.exe', 'username': 'NTNET\\pratibal', 'pid': 22936, 'vms': 76.3984375} 
{'name': 'conhost.exe', 'username': 'NTNET\\pratibal', 'pid': 23012, 'vms': 6.18359375} 
{'name': 'WmiPrvSE.exe', 'username': None, 'pid': 23096, 'vms': 5.9921875} 
{'name': 'SettingSyncHost.exe', 'username': 'NTNET\\pratibal', 'pid': 23108, 'vms': 3.6484375} 
{'name': 'chrome.exe', 'username': 'NTNET\\pratibal', 'pid': 23812, 'vms': 56.47265625} 
{'name': 'chrome.exe', 'username': 'NTNET\\pratibal', 'pid': 23844, 'vms': 29.1328125} 
{'name': 'ctfmon.exe', 'username': 'NTNET\\pratibal', 'pid': 23936, 'vms': 5.875} 
{'name': 'Code.exe', 'username': 'NTNET\\pratibal', 'pid': 23980, 'vms': 23.484375} 
{'name': 'putty.exe', 'username': 'NTNET\\pratibal', 'pid': 24224, 'vms': 3.25390625} 
{'name': 'Dserui.exe', 'username': 'NTNET\\pratibal', 'pid': 24444, 'vms': 3.46875} 
{'name': 'iexplore.exe', 'username': 'NTNET\\pratibal', 'pid': 24620, 'vms': 17.734375} 
{'name': 'conhost.exe', 'username': 'NTNET\\pratibal', 'pid': 25224, 'vms': 11.234375} 
{'name': 'AcroRd32.exe', 'username': 'NTNET\\pratibal', 'pid': 25340, 'vms': 11.05859375} 
{'name': 'EXCEL.EXE', 'username': 'NTNET\\pratibal', 'pid': 25480, 'vms': 120.37109375} 
